<?xml version="1.0" encoding="UTF-8"?>
<!-- Generated by org.testng.reporters.JUnitReportReporter -->
<testsuite hostname="DESKTOP-A12UJOD" failures="0" tests="4" name="com.api.framework.CurrentWeatherTests" time="18.164" errors="0" timestamp="2022-02-16T20:38:38 IST" skipped="0">
  <testcase classname="com.api.framework.CurrentWeatherTests" name="testgetResponsestatusWeatherwithoutData" time="0.149"/>
  <system-out/>
  <testcase classname="com.api.framework.CurrentWeatherTests" name="testVerifyCityResponseData" time="17.491"/>
  <system-out/>
  <testcase classname="com.api.framework.CurrentWeatherTests" name="testVerifyMutliCityResponseData" time="0.401"/>
  <system-out/>
  <testcase classname="com.api.framework.CurrentWeatherTests" name="testVerifyStatusofCurrentWeatherwithValiddata" time="0.123"/>
  <system-out/>
</testsuite> <!-- com.api.framework.CurrentWeatherTests -->
